2024-03-03 17:34:16,572 - root - INFO - ********************** Test_001_Login  ************************
2024-03-03 17:34:16,573 - root - INFO - ********************** Verifying Login Test  ************************
2024-03-03 17:34:33,284 - root - INFO - ********************** Test_001_Login  ************************
2024-03-03 17:34:33,285 - root - INFO - ********************** Verifying Login Test  ************************
2024-03-03 17:39:32,076 - root - INFO - ********************** Test_001_Login  ************************
2024-03-03 17:39:32,077 - root - INFO - ********************** Verifying Login Test  ************************
2024-03-03 17:40:38,912 - root - INFO - ********************** Test_001_Login  ************************
2024-03-03 17:40:38,912 - root - INFO - ********************** Verifying Login Test  ************************
2024-03-03 17:40:47,622 - root - INFO - ***** Login test case Failed *****
2024-03-03 17:41:16,331 - root - INFO - ********************** Test_001_Login  ************************
2024-03-03 17:41:16,331 - root - INFO - ********************** Verifying Login Test  ************************
2024-03-03 17:41:25,687 - root - INFO - ***** Login test case Failed *****
2024-03-03 17:43:39,013 - root - INFO - ********************** Test_001_Login  ************************
2024-03-03 17:43:39,013 - root - INFO - ********************** Verifying Login Test  ************************
2024-03-03 17:43:48,915 - root - INFO - ***** Login test case Failed *****
2024-03-03 17:44:07,007 - root - INFO - ********************** Test_001_Login  ************************
2024-03-03 17:44:07,008 - root - INFO - ********************** Verifying Login Test  ************************
2024-03-03 17:44:15,797 - root - INFO - ***** Login test case Failed *****
2024-03-03 17:45:00,605 - root - INFO - ********************** Test_001_Login  ************************
2024-03-03 17:45:00,606 - root - INFO - ********************** Verifying Login Test  ************************
2024-03-03 17:45:03,459 - root - INFO - ********************** End of Login Test  ************************
2024-03-03 17:45:03,459 - root - INFO - ********************** Completed Test_001_Login ************************
2024-03-03 17:45:15,038 - root - INFO - ********************** Test_001_Login  ************************
2024-03-03 17:45:15,038 - root - INFO - ********************** Verifying Login Test  ************************
2024-03-03 17:45:17,916 - root - INFO - ********************** End of Login Test  ************************
2024-03-03 17:45:17,916 - root - INFO - ********************** Completed Test_001_Login ************************
2024-03-03 17:54:04,881 - root - INFO - ********************** Test_001_Login  ************************
2024-03-03 17:54:04,881 - root - INFO - ********************** Verifying Login Test  ************************
2024-03-03 17:54:07,748 - root - INFO - ********************** End of Login Test  ************************
2024-03-03 17:54:07,748 - root - INFO - ********************** Completed Test_001_Login ************************
2024-03-03 17:54:50,326 - root - INFO - ********************** Test_001_Login  ************************
2024-03-03 17:54:50,326 - root - INFO - ********************** Verifying Login Test  ************************
2024-03-03 17:56:13,815 - root - INFO - ********************** Test_001_Login  ************************
2024-03-03 17:56:13,815 - root - INFO - ********************** Verifying Login Test  ************************
2024-03-03 17:56:22,620 - root - INFO - ***** Login test case Failed *****
2024-03-03 17:57:14,015 - root - INFO - ********************** Test_001_Login  ************************
2024-03-03 17:57:14,015 - root - INFO - ********************** Verifying Login Test  ************************
2024-03-03 17:57:22,924 - root - INFO - ***** Login test case Failed *****
2024-03-03 17:58:21,160 - root - INFO - ********************** Test_001_Login  ************************
2024-03-03 17:58:21,161 - root - INFO - ********************** Verifying Login Test  ************************
2024-03-03 17:58:31,128 - root - INFO - ***** Login test case Failed *****
2024-03-03 17:58:32,615 - root - INFO - ********************** End of Login Test  ************************
2024-03-03 17:58:32,616 - root - INFO - ********************** Completed Test_001_Login ************************
2024-03-03 18:06:01,291 - root - INFO - ********************** Test_001_Login  ************************
2024-03-03 18:06:01,292 - root - INFO - ********************** Verifying Login Test  ************************
2024-03-03 18:06:10,559 - root - INFO - ***** Login test case Failed *****
2024-03-03 18:06:11,941 - root - INFO - ********************** End of Login Test  ************************
2024-03-03 18:06:11,941 - root - INFO - ********************** Completed Test_001_Login ************************
